<?xml version="1.0" encoding="UTF-8"?>
<testsuite xmlns:xsi="http://www.w3.org/2001/XMLSchema-instance" xsi:noNamespaceSchemaLocation="https://maven.apache.org/surefire/maven-surefire-plugin/xsd/surefire-test-report-3.0.xsd" version="3.0" name="com.csc205.project2.shapes.RectangularPrismTest$ValidationTests" time="0.049" tests="14" errors="0" skipped="0" failures="0">
  <properties>
[...]
</properties>
  <testcase name="setNegativeLengthThrows" classname="com.csc205.project2.shapes.RectangularPrismTest$ValidationTests" time="0.003">
    <system-err><![CDATA[Feb 27, 2026 8:13:17 PM com.csc205.project2.shapes.Shape3D <init>
INFO: Created Shape3D: name='Yellow Brick', color='Yellow'
Feb 27, 2026 8:13:17 PM com.csc205.project2.shapes.RectangularPrism <init>
INFO: Created RectangularPrism 'Yellow Brick' with length=6.0, width=3.0, height=2.0
Feb 27, 2026 8:13:17 PM com.csc205.project2.shapes.RectangularPrism setLength
WARNING: Attempted to set invalid length (-1.0) on RectangularPrism 'Yellow Brick'.
]]></system-err>
  </testcase>
  <testcase name="setNegativeWidthThrows" classname="com.csc205.project2.shapes.RectangularPrismTest$ValidationTests" time="0.004">
    <system-err><![CDATA[Feb 27, 2026 8:13:17 PM com.csc205.project2.shapes.Shape3D <init>
INFO: Created Shape3D: name='Yellow Brick', color='Yellow'
Feb 27, 2026 8:13:17 PM com.csc205.project2.shapes.RectangularPrism <init>
INFO: Created RectangularPrism 'Yellow Brick' with length=6.0, width=3.0, height=2.0
Feb 27, 2026 8:13:17 PM com.csc205.project2.shapes.RectangularPrism setWidth
WARNING: Attempted to set invalid width (-1.0) on RectangularPrism 'Yellow Brick'.
]]></system-err>
  </testcase>
  <testcase name="zeroLengthThrows" classname="com.csc205.project2.shapes.RectangularPrismTest$ValidationTests" time="0.004">
    <system-err><![CDATA[Feb 27, 2026 8:13:17 PM com.csc205.project2.shapes.Shape3D <init>
INFO: Created Shape3D: name='Yellow Brick', color='Yellow'
Feb 27, 2026 8:13:17 PM com.csc205.project2.shapes.RectangularPrism <init>
INFO: Created RectangularPrism 'Yellow Brick' with length=6.0, width=3.0, height=2.0
Feb 27, 2026 8:13:17 PM com.csc205.project2.shapes.Shape3D <init>
INFO: Created Shape3D: name='R', color='B'
Feb 27, 2026 8:13:17 PM com.csc205.project2.shapes.RectangularPrism <init>
SEVERE: Invalid length (0.0) for RectangularPrism 'R'.
]]></system-err>
  </testcase>
  <testcase name="setZeroHeightThrows" classname="com.csc205.project2.shapes.RectangularPrismTest$ValidationTests" time="0.004">
    <system-err><![CDATA[Feb 27, 2026 8:13:17 PM com.csc205.project2.shapes.Shape3D <init>
INFO: Created Shape3D: name='Yellow Brick', color='Yellow'
Feb 27, 2026 8:13:17 PM com.csc205.project2.shapes.RectangularPrism <init>
INFO: Created RectangularPrism 'Yellow Brick' with length=6.0, width=3.0, height=2.0
Feb 27, 2026 8:13:17 PM com.csc205.project2.shapes.RectangularPrism setHeight
WARNING: Attempted to set invalid height (0.0) on RectangularPrism 'Yellow Brick'.
]]></system-err>
  </testcase>
  <testcase name="veryLargeDimensions" classname="com.csc205.project2.shapes.RectangularPrismTest$ValidationTests" time="0.002">
    <system-err><![CDATA[Feb 27, 2026 8:13:17 PM com.csc205.project2.shapes.Shape3D <init>
INFO: Created Shape3D: name='Yellow Brick', color='Yellow'
Feb 27, 2026 8:13:17 PM com.csc205.project2.shapes.RectangularPrism <init>
INFO: Created RectangularPrism 'Yellow Brick' with length=6.0, width=3.0, height=2.0
Feb 27, 2026 8:13:17 PM com.csc205.project2.shapes.Shape3D <init>
INFO: Created Shape3D: name='H', color='Z'
Feb 27, 2026 8:13:17 PM com.csc205.project2.shapes.RectangularPrism <init>
INFO: Created RectangularPrism 'H' with length=100000.0, width=100000.0, height=100000.0
Feb 27, 2026 8:13:17 PM com.csc205.project2.shapes.Shape3D getVolume
INFO: Calculated volume for 'H': 1.0E15
Feb 27, 2026 8:13:17 PM com.csc205.project2.shapes.Shape3D getVolume
INFO: Calculated volume for 'H': 1.0E15
]]></system-err>
  </testcase>
  <testcase name="setZeroLengthThrows" classname="com.csc205.project2.shapes.RectangularPrismTest$ValidationTests" time="0.003">
    <system-err><![CDATA[Feb 27, 2026 8:13:17 PM com.csc205.project2.shapes.Shape3D <init>
INFO: Created Shape3D: name='Yellow Brick', color='Yellow'
Feb 27, 2026 8:13:17 PM com.csc205.project2.shapes.RectangularPrism <init>
INFO: Created RectangularPrism 'Yellow Brick' with length=6.0, width=3.0, height=2.0
Feb 27, 2026 8:13:17 PM com.csc205.project2.shapes.RectangularPrism setLength
WARNING: Attempted to set invalid length (0.0) on RectangularPrism 'Yellow Brick'.
]]></system-err>
  </testcase>
  <testcase name="negativeWidthThrows" classname="com.csc205.project2.shapes.RectangularPrismTest$ValidationTests" time="0.003">
    <system-err><![CDATA[Feb 27, 2026 8:13:17 PM com.csc205.project2.shapes.Shape3D <init>
INFO: Created Shape3D: name='Yellow Brick', color='Yellow'
Feb 27, 2026 8:13:17 PM com.csc205.project2.shapes.RectangularPrism <init>
INFO: Created RectangularPrism 'Yellow Brick' with length=6.0, width=3.0, height=2.0
Feb 27, 2026 8:13:17 PM com.csc205.project2.shapes.Shape3D <init>
INFO: Created Shape3D: name='R', color='B'
Feb 27, 2026 8:13:17 PM com.csc205.project2.shapes.RectangularPrism <init>
SEVERE: Invalid width (-3.0) for RectangularPrism 'R'.
]]></system-err>
  </testcase>
  <testcase name="negativeHeightThrows" classname="com.csc205.project2.shapes.RectangularPrismTest$ValidationTests" time="0.004">
    <system-err><![CDATA[Feb 27, 2026 8:13:17 PM com.csc205.project2.shapes.Shape3D <init>
INFO: Created Shape3D: name='Yellow Brick', color='Yellow'
Feb 27, 2026 8:13:17 PM com.csc205.project2.shapes.RectangularPrism <init>
INFO: Created RectangularPrism 'Yellow Brick' with length=6.0, width=3.0, height=2.0
Feb 27, 2026 8:13:17 PM com.csc205.project2.shapes.Shape3D <init>
INFO: Created Shape3D: name='R', color='B'
Feb 27, 2026 8:13:17 PM com.csc205.project2.shapes.RectangularPrism <init>
SEVERE: Invalid height (-2.0) for RectangularPrism 'R'.
]]></system-err>
  </testcase>
  <testcase name="verySmallDimensions" classname="com.csc205.project2.shapes.RectangularPrismTest$ValidationTests" time="0.0">
    <system-err><![CDATA[Feb 27, 2026 8:13:17 PM com.csc205.project2.shapes.Shape3D <init>
INFO: Created Shape3D: name='Yellow Brick', color='Yellow'
Feb 27, 2026 8:13:17 PM com.csc205.project2.shapes.RectangularPrism <init>
INFO: Created RectangularPrism 'Yellow Brick' with length=6.0, width=3.0, height=2.0
Feb 27, 2026 8:13:17 PM com.csc205.project2.shapes.Shape3D <init>
INFO: Created Shape3D: name='T', color='Y'
Feb 27, 2026 8:13:17 PM com.csc205.project2.shapes.RectangularPrism <init>
INFO: Created RectangularPrism 'T' with length=0.001, width=0.001, height=0.001
Feb 27, 2026 8:13:17 PM com.csc205.project2.shapes.Shape3D getVolume
INFO: Calculated volume for 'T': 1.0E-9
]]></system-err>
  </testcase>
  <testcase name="setNegativeHeightThrows" classname="com.csc205.project2.shapes.RectangularPrismTest$ValidationTests" time="0.002">
    <system-err><![CDATA[Feb 27, 2026 8:13:17 PM com.csc205.project2.shapes.Shape3D <init>
INFO: Created Shape3D: name='Yellow Brick', color='Yellow'
Feb 27, 2026 8:13:17 PM com.csc205.project2.shapes.RectangularPrism <init>
INFO: Created RectangularPrism 'Yellow Brick' with length=6.0, width=3.0, height=2.0
Feb 27, 2026 8:13:17 PM com.csc205.project2.shapes.RectangularPrism setHeight
WARNING: Attempted to set invalid height (-1.0) on RectangularPrism 'Yellow Brick'.
]]></system-err>
  </testcase>
  <testcase name="zeroWidthThrows" classname="com.csc205.project2.shapes.RectangularPrismTest$ValidationTests" time="0.002">
    <system-err><![CDATA[Feb 27, 2026 8:13:17 PM com.csc205.project2.shapes.Shape3D <init>
INFO: Created Shape3D: name='Yellow Brick', color='Yellow'
Feb 27, 2026 8:13:17 PM com.csc205.project2.shapes.RectangularPrism <init>
INFO: Created RectangularPrism 'Yellow Brick' with length=6.0, width=3.0, height=2.0
Feb 27, 2026 8:13:17 PM com.csc205.project2.shapes.Shape3D <init>
INFO: Created Shape3D: name='R', color='B'
Feb 27, 2026 8:13:17 PM com.csc205.project2.shapes.RectangularPrism <init>
SEVERE: Invalid width (0.0) for RectangularPrism 'R'.
]]></system-err>
  </testcase>
  <testcase name="negativeLengthThrows" classname="com.csc205.project2.shapes.RectangularPrismTest$ValidationTests" time="0.003">
    <system-err><![CDATA[Feb 27, 2026 8:13:17 PM com.csc205.project2.shapes.Shape3D <init>
INFO: Created Shape3D: name='Yellow Brick', color='Yellow'
Feb 27, 2026 8:13:17 PM com.csc205.project2.shapes.RectangularPrism <init>
INFO: Created RectangularPrism 'Yellow Brick' with length=6.0, width=3.0, height=2.0
Feb 27, 2026 8:13:17 PM com.csc205.project2.shapes.Shape3D <init>
INFO: Created Shape3D: name='R', color='B'
Feb 27, 2026 8:13:17 PM com.csc205.project2.shapes.RectangularPrism <init>
SEVERE: Invalid length (-1.0) for RectangularPrism 'R'.
]]></system-err>
  </testcase>
  <testcase name="setZeroWidthThrows" classname="com.csc205.project2.shapes.RectangularPrismTest$ValidationTests" time="0.003">
    <system-err><![CDATA[Feb 27, 2026 8:13:17 PM com.csc205.project2.shapes.Shape3D <init>
INFO: Created Shape3D: name='Yellow Brick', color='Yellow'
Feb 27, 2026 8:13:17 PM com.csc205.project2.shapes.RectangularPrism <init>
INFO: Created RectangularPrism 'Yellow Brick' with length=6.0, width=3.0, height=2.0
Feb 27, 2026 8:13:17 PM com.csc205.project2.shapes.RectangularPrism setWidth
WARNING: Attempted to set invalid width (0.0) on RectangularPrism 'Yellow Brick'.
]]></system-err>
  </testcase>
  <testcase name="zeroHeightThrows" classname="com.csc205.project2.shapes.RectangularPrismTest$ValidationTests" time="0.004">
    <system-err><![CDATA[Feb 27, 2026 8:13:17 PM com.csc205.project2.shapes.Shape3D <init>
INFO: Created Shape3D: name='Yellow Brick', color='Yellow'
Feb 27, 2026 8:13:17 PM com.csc205.project2.shapes.RectangularPrism <init>
INFO: Created RectangularPrism 'Yellow Brick' with length=6.0, width=3.0, height=2.0
Feb 27, 2026 8:13:17 PM com.csc205.project2.shapes.Shape3D <init>
INFO: Created Shape3D: name='R', color='B'
Feb 27, 2026 8:13:17 PM com.csc205.project2.shapes.RectangularPrism <init>
SEVERE: Invalid height (0.0) for RectangularPrism 'R'.
]]></system-err>
  </testcase>
</testsuite>