<?xml version="1.0" encoding="UTF-8"?>
<testsuite xmlns:xsi="http://www.w3.org/2001/XMLSchema-instance" xsi:noNamespaceSchemaLocation="https://maven.apache.org/surefire/maven-surefire-plugin/xsd/surefire-test-report-3.0.xsd" version="3.0" name="com.csc205.project2.ShapeDriverTest$InteractiveMenuTests" time="0.068" tests="11" errors="0" skipped="0" failures="0">
  <properties>
[...]
</properties>
  <testcase name="createConeInteractively" classname="com.csc205.project2.ShapeDriverTest$InteractiveMenuTests" time="0.005">
    <system-err><![CDATA[Feb 27, 2026 8:13:17 PM com.csc205.project2.ShapeDriver main
INFO: Starting 3D Shape Analysis System...
Feb 27, 2026 8:13:17 PM com.csc205.project2.shapes.Shape3D <init>
INFO: Created Shape3D: name='Red Ball', color='Red'
Feb 27, 2026 8:13:17 PM com.csc205.project2.shapes.Sphere <init>
INFO: Created Sphere 'Red Ball' with radius=5.0
Feb 27, 2026 8:13:17 PM com.csc205.project2.shapes.Shape3D <init>
INFO: Created Shape3D: name='Blue Box', color='Blue'
Feb 27, 2026 8:13:17 PM com.csc205.project2.shapes.Cube <init>
INFO: Created Cube 'Blue Box' with sideLength=4.0
Feb 27, 2026 8:13:17 PM com.csc205.project2.shapes.Shape3D <init>
INFO: Created Shape3D: name='Green Pipe', color='Green'
Feb 27, 2026 8:13:17 PM com.csc205.project2.shapes.Cylinder <init>
INFO: Created Cylinder 'Green Pipe' with radius=3.0, height=7.0
Feb 27, 2026 8:13:17 PM com.csc205.project2.shapes.Shape3D <init>
INFO: Created Shape3D: name='Yellow Brick', color='Yellow'
Feb 27, 2026 8:13:17 PM com.csc205.project2.shapes.RectangularPrism <init>
INFO: Created RectangularPrism 'Yellow Brick' with length=6.0, width=3.0, height=2.0
Feb 27, 2026 8:13:17 PM com.csc205.project2.shapes.Shape3D <init>
INFO: Created Shape3D: name='Purple Party Hat', color='Purple'
Feb 27, 2026 8:13:17 PM com.csc205.project2.shapes.Cone <init>
INFO: Created Cone 'Purple Party Hat' with radius=4.0, height=9.0
Feb 27, 2026 8:13:17 PM com.csc205.project2.ShapeDriver main
INFO: Created 5 shapes for analysis.
Feb 27, 2026 8:13:17 PM com.csc205.project2.shapes.Shape3D getVolume
INFO: Calculated volume for 'Red Ball': 523.5987755982989
Feb 27, 2026 8:13:17 PM com.csc205.project2.shapes.Shape3D getSurfaceArea
INFO: Calculated surface area for 'Red Ball': 314.1592653589793
Feb 27, 2026 8:13:17 PM com.csc205.project2.ShapeDriver displayShapesAndAnalysis
INFO: Displayed shape #1: Red Ball
Feb 27, 2026 8:13:17 PM com.csc205.project2.shapes.Shape3D getVolume
INFO: Calculated volume for 'Blue Box': 64.0
Feb 27, 2026 8:13:17 PM com.csc205.project2.shapes.Shape3D getSurfaceArea
INFO: Calculated surface area for 'Blue Box': 96.0
Feb 27, 2026 8:13:17 PM com.csc205.project2.ShapeDriver displayShapesAndAnalysis
INFO: Displayed shape #2: Blue Box
Feb 27, 2026 8:13:17 PM com.csc205.project2.shapes.Shape3D getVolume
INFO: Calculated volume for 'Green Pipe': 197.92033717615698
Feb 27, 2026 8:13:17 PM com.csc205.project2.shapes.Shape3D getSurfaceArea
INFO: Calculated surface area for 'Green Pipe': 188.49555921538757
Feb 27, 2026 8:13:17 PM com.csc205.project2.ShapeDriver displayShapesAndAnalysis
INFO: Displayed shape #3: Green Pipe
Feb 27, 2026 8:13:17 PM com.csc205.project2.shapes.Shape3D getVolume
INFO: Calculated volume for 'Yellow Brick': 36.0
Feb 27, 2026 8:13:17 PM com.csc205.project2.shapes.Shape3D getSurfaceArea
INFO: Calculated surface area for 'Yellow Brick': 72.0
Feb 27, 2026 8:13:17 PM com.csc205.project2.ShapeDriver displayShapesAndAnalysis
INFO: Displayed shape #4: Yellow Brick
Feb 27, 2026 8:13:17 PM com.csc205.project2.shapes.Shape3D getVolume
INFO: Calculated volume for 'Purple Party Hat': 150.79644737231007
Feb 27, 2026 8:13:17 PM com.csc205.project2.shapes.Shape3D getSurfaceArea
INFO: Calculated surface area for 'Purple Party Hat': 174.02987972292934
Feb 27, 2026 8:13:17 PM com.csc205.project2.ShapeDriver displayShapesAndAnalysis
INFO: Displayed shape #5: Purple Party Hat
Feb 27, 2026 8:13:17 PM com.csc205.project2.ShapeDriver displayShapesAndAnalysis
INFO: Analysis complete. Most efficient shape: Red Ball
Feb 27, 2026 8:13:17 PM com.csc205.project2.shapes.Shape3D <init>
INFO: Created Shape3D: name='My Cone', color='Purple'
Feb 27, 2026 8:13:17 PM com.csc205.project2.shapes.Cone <init>
INFO: Created Cone 'My Cone' with radius=3.0, height=6.0
Feb 27, 2026 8:13:17 PM com.csc205.project2.shapes.Shape3D getSurfaceArea
INFO: Calculated surface area for 'My Cone': 91.49766646167468
Feb 27, 2026 8:13:17 PM com.csc205.project2.shapes.Shape3D getVolume
INFO: Calculated volume for 'My Cone': 56.548667764616276
Feb 27, 2026 8:13:17 PM com.csc205.project2.ShapeDriver createShapeInteractively
INFO: User created shape: My Cone
Feb 27, 2026 8:13:17 PM com.csc205.project2.ShapeDriver runInteractiveMenu
INFO: User exited interactive menu.
Feb 27, 2026 8:13:17 PM com.csc205.project2.ShapeDriver runInteractiveMenu
INFO: 3D Shape Analysis System finished.
]]></system-err>
  </testcase>
  <testcase name="createCubeInteractively" classname="com.csc205.project2.ShapeDriverTest$InteractiveMenuTests" time="0.004">
    <system-err><![CDATA[Feb 27, 2026 8:13:17 PM com.csc205.project2.ShapeDriver main
INFO: Starting 3D Shape Analysis System...
Feb 27, 2026 8:13:17 PM com.csc205.project2.shapes.Shape3D <init>
INFO: Created Shape3D: name='Red Ball', color='Red'
Feb 27, 2026 8:13:17 PM com.csc205.project2.shapes.Sphere <init>
INFO: Created Sphere 'Red Ball' with radius=5.0
Feb 27, 2026 8:13:17 PM com.csc205.project2.shapes.Shape3D <init>
INFO: Created Shape3D: name='Blue Box', color='Blue'
Feb 27, 2026 8:13:17 PM com.csc205.project2.shapes.Cube <init>
INFO: Created Cube 'Blue Box' with sideLength=4.0
Feb 27, 2026 8:13:17 PM com.csc205.project2.shapes.Shape3D <init>
INFO: Created Shape3D: name='Green Pipe', color='Green'
Feb 27, 2026 8:13:17 PM com.csc205.project2.shapes.Cylinder <init>
INFO: Created Cylinder 'Green Pipe' with radius=3.0, height=7.0
Feb 27, 2026 8:13:17 PM com.csc205.project2.shapes.Shape3D <init>
INFO: Created Shape3D: name='Yellow Brick', color='Yellow'
Feb 27, 2026 8:13:17 PM com.csc205.project2.shapes.RectangularPrism <init>
INFO: Created RectangularPrism 'Yellow Brick' with length=6.0, width=3.0, height=2.0
Feb 27, 2026 8:13:17 PM com.csc205.project2.shapes.Shape3D <init>
INFO: Created Shape3D: name='Purple Party Hat', color='Purple'
Feb 27, 2026 8:13:17 PM com.csc205.project2.shapes.Cone <init>
INFO: Created Cone 'Purple Party Hat' with radius=4.0, height=9.0
Feb 27, 2026 8:13:17 PM com.csc205.project2.ShapeDriver main
INFO: Created 5 shapes for analysis.
Feb 27, 2026 8:13:17 PM com.csc205.project2.shapes.Shape3D getVolume
INFO: Calculated volume for 'Red Ball': 523.5987755982989
Feb 27, 2026 8:13:17 PM com.csc205.project2.shapes.Shape3D getSurfaceArea
INFO: Calculated surface area for 'Red Ball': 314.1592653589793
Feb 27, 2026 8:13:17 PM com.csc205.project2.ShapeDriver displayShapesAndAnalysis
INFO: Displayed shape #1: Red Ball
Feb 27, 2026 8:13:17 PM com.csc205.project2.shapes.Shape3D getVolume
INFO: Calculated volume for 'Blue Box': 64.0
Feb 27, 2026 8:13:17 PM com.csc205.project2.shapes.Shape3D getSurfaceArea
INFO: Calculated surface area for 'Blue Box': 96.0
Feb 27, 2026 8:13:17 PM com.csc205.project2.ShapeDriver displayShapesAndAnalysis
INFO: Displayed shape #2: Blue Box
Feb 27, 2026 8:13:17 PM com.csc205.project2.shapes.Shape3D getVolume
INFO: Calculated volume for 'Green Pipe': 197.92033717615698
Feb 27, 2026 8:13:17 PM com.csc205.project2.shapes.Shape3D getSurfaceArea
INFO: Calculated surface area for 'Green Pipe': 188.49555921538757
Feb 27, 2026 8:13:17 PM com.csc205.project2.ShapeDriver displayShapesAndAnalysis
INFO: Displayed shape #3: Green Pipe
Feb 27, 2026 8:13:17 PM com.csc205.project2.shapes.Shape3D getVolume
INFO: Calculated volume for 'Yellow Brick': 36.0
Feb 27, 2026 8:13:17 PM com.csc205.project2.shapes.Shape3D getSurfaceArea
INFO: Calculated surface area for 'Yellow Brick': 72.0
Feb 27, 2026 8:13:17 PM com.csc205.project2.ShapeDriver displayShapesAndAnalysis
INFO: Displayed shape #4: Yellow Brick
Feb 27, 2026 8:13:17 PM com.csc205.project2.shapes.Shape3D getVolume
INFO: Calculated volume for 'Purple Party Hat': 150.79644737231007
Feb 27, 2026 8:13:17 PM com.csc205.project2.shapes.Shape3D getSurfaceArea
INFO: Calculated surface area for 'Purple Party Hat': 174.02987972292934
Feb 27, 2026 8:13:17 PM com.csc205.project2.ShapeDriver displayShapesAndAnalysis
INFO: Displayed shape #5: Purple Party Hat
Feb 27, 2026 8:13:17 PM com.csc205.project2.ShapeDriver displayShapesAndAnalysis
INFO: Analysis complete. Most efficient shape: Red Ball
Feb 27, 2026 8:13:17 PM com.csc205.project2.shapes.Shape3D <init>
INFO: Created Shape3D: name='My Cube', color='Green'
Feb 27, 2026 8:13:17 PM com.csc205.project2.shapes.Cube <init>
INFO: Created Cube 'My Cube' with sideLength=3.0
Feb 27, 2026 8:13:17 PM com.csc205.project2.shapes.Shape3D getSurfaceArea
INFO: Calculated surface area for 'My Cube': 54.0
Feb 27, 2026 8:13:17 PM com.csc205.project2.shapes.Shape3D getVolume
INFO: Calculated volume for 'My Cube': 27.0
Feb 27, 2026 8:13:17 PM com.csc205.project2.ShapeDriver createShapeInteractively
INFO: User created shape: My Cube
Feb 27, 2026 8:13:17 PM com.csc205.project2.ShapeDriver runInteractiveMenu
INFO: User exited interactive menu.
Feb 27, 2026 8:13:17 PM com.csc205.project2.ShapeDriver runInteractiveMenu
INFO: 3D Shape Analysis System finished.
]]></system-err>
  </testcase>
  <testcase name="nonNumericDimensionShowsError" classname="com.csc205.project2.ShapeDriverTest$InteractiveMenuTests" time="0.004">
    <system-err><![CDATA[Feb 27, 2026 8:13:17 PM com.csc205.project2.ShapeDriver main
INFO: Starting 3D Shape Analysis System...
Feb 27, 2026 8:13:17 PM com.csc205.project2.shapes.Shape3D <init>
INFO: Created Shape3D: name='Red Ball', color='Red'
Feb 27, 2026 8:13:17 PM com.csc205.project2.shapes.Sphere <init>
INFO: Created Sphere 'Red Ball' with radius=5.0
Feb 27, 2026 8:13:17 PM com.csc205.project2.shapes.Shape3D <init>
INFO: Created Shape3D: name='Blue Box', color='Blue'
Feb 27, 2026 8:13:17 PM com.csc205.project2.shapes.Cube <init>
INFO: Created Cube 'Blue Box' with sideLength=4.0
Feb 27, 2026 8:13:17 PM com.csc205.project2.shapes.Shape3D <init>
INFO: Created Shape3D: name='Green Pipe', color='Green'
Feb 27, 2026 8:13:17 PM com.csc205.project2.shapes.Cylinder <init>
INFO: Created Cylinder 'Green Pipe' with radius=3.0, height=7.0
Feb 27, 2026 8:13:17 PM com.csc205.project2.shapes.Shape3D <init>
INFO: Created Shape3D: name='Yellow Brick', color='Yellow'
Feb 27, 2026 8:13:17 PM com.csc205.project2.shapes.RectangularPrism <init>
INFO: Created RectangularPrism 'Yellow Brick' with length=6.0, width=3.0, height=2.0
Feb 27, 2026 8:13:17 PM com.csc205.project2.shapes.Shape3D <init>
INFO: Created Shape3D: name='Purple Party Hat', color='Purple'
Feb 27, 2026 8:13:17 PM com.csc205.project2.shapes.Cone <init>
INFO: Created Cone 'Purple Party Hat' with radius=4.0, height=9.0
Feb 27, 2026 8:13:17 PM com.csc205.project2.ShapeDriver main
INFO: Created 5 shapes for analysis.
Feb 27, 2026 8:13:17 PM com.csc205.project2.shapes.Shape3D getVolume
INFO: Calculated volume for 'Red Ball': 523.5987755982989
Feb 27, 2026 8:13:17 PM com.csc205.project2.shapes.Shape3D getSurfaceArea
INFO: Calculated surface area for 'Red Ball': 314.1592653589793
Feb 27, 2026 8:13:17 PM com.csc205.project2.ShapeDriver displayShapesAndAnalysis
INFO: Displayed shape #1: Red Ball
Feb 27, 2026 8:13:17 PM com.csc205.project2.shapes.Shape3D getVolume
INFO: Calculated volume for 'Blue Box': 64.0
Feb 27, 2026 8:13:17 PM com.csc205.project2.shapes.Shape3D getSurfaceArea
INFO: Calculated surface area for 'Blue Box': 96.0
Feb 27, 2026 8:13:17 PM com.csc205.project2.ShapeDriver displayShapesAndAnalysis
INFO: Displayed shape #2: Blue Box
Feb 27, 2026 8:13:17 PM com.csc205.project2.shapes.Shape3D getVolume
INFO: Calculated volume for 'Green Pipe': 197.92033717615698
Feb 27, 2026 8:13:17 PM com.csc205.project2.shapes.Shape3D getSurfaceArea
INFO: Calculated surface area for 'Green Pipe': 188.49555921538757
Feb 27, 2026 8:13:17 PM com.csc205.project2.ShapeDriver displayShapesAndAnalysis
INFO: Displayed shape #3: Green Pipe
Feb 27, 2026 8:13:17 PM com.csc205.project2.shapes.Shape3D getVolume
INFO: Calculated volume for 'Yellow Brick': 36.0
Feb 27, 2026 8:13:17 PM com.csc205.project2.shapes.Shape3D getSurfaceArea
INFO: Calculated surface area for 'Yellow Brick': 72.0
Feb 27, 2026 8:13:17 PM com.csc205.project2.ShapeDriver displayShapesAndAnalysis
INFO: Displayed shape #4: Yellow Brick
Feb 27, 2026 8:13:17 PM com.csc205.project2.shapes.Shape3D getVolume
INFO: Calculated volume for 'Purple Party Hat': 150.79644737231007
Feb 27, 2026 8:13:17 PM com.csc205.project2.shapes.Shape3D getSurfaceArea
INFO: Calculated surface area for 'Purple Party Hat': 174.02987972292934
Feb 27, 2026 8:13:17 PM com.csc205.project2.ShapeDriver displayShapesAndAnalysis
INFO: Displayed shape #5: Purple Party Hat
Feb 27, 2026 8:13:17 PM com.csc205.project2.ShapeDriver displayShapesAndAnalysis
INFO: Analysis complete. Most efficient shape: Red Ball
Feb 27, 2026 8:13:17 PM com.csc205.project2.ShapeDriver createShapeInteractively
WARNING: Invalid number input from user: For input string: "abc"
Feb 27, 2026 8:13:17 PM com.csc205.project2.ShapeDriver runInteractiveMenu
INFO: User exited interactive menu.
Feb 27, 2026 8:13:17 PM com.csc205.project2.ShapeDriver runInteractiveMenu
INFO: 3D Shape Analysis System finished.
]]></system-err>
  </testcase>
  <testcase name="createRectangularPrismInteractively" classname="com.csc205.project2.ShapeDriverTest$InteractiveMenuTests" time="0.006">
    <system-err><![CDATA[Feb 27, 2026 8:13:17 PM com.csc205.project2.ShapeDriver main
INFO: Starting 3D Shape Analysis System...
Feb 27, 2026 8:13:17 PM com.csc205.project2.shapes.Shape3D <init>
INFO: Created Shape3D: name='Red Ball', color='Red'
Feb 27, 2026 8:13:17 PM com.csc205.project2.shapes.Sphere <init>
INFO: Created Sphere 'Red Ball' with radius=5.0
Feb 27, 2026 8:13:17 PM com.csc205.project2.shapes.Shape3D <init>
INFO: Created Shape3D: name='Blue Box', color='Blue'
Feb 27, 2026 8:13:17 PM com.csc205.project2.shapes.Cube <init>
INFO: Created Cube 'Blue Box' with sideLength=4.0
Feb 27, 2026 8:13:17 PM com.csc205.project2.shapes.Shape3D <init>
INFO: Created Shape3D: name='Green Pipe', color='Green'
Feb 27, 2026 8:13:17 PM com.csc205.project2.shapes.Cylinder <init>
INFO: Created Cylinder 'Green Pipe' with radius=3.0, height=7.0
Feb 27, 2026 8:13:17 PM com.csc205.project2.shapes.Shape3D <init>
INFO: Created Shape3D: name='Yellow Brick', color='Yellow'
Feb 27, 2026 8:13:17 PM com.csc205.project2.shapes.RectangularPrism <init>
INFO: Created RectangularPrism 'Yellow Brick' with length=6.0, width=3.0, height=2.0
Feb 27, 2026 8:13:17 PM com.csc205.project2.shapes.Shape3D <init>
INFO: Created Shape3D: name='Purple Party Hat', color='Purple'
Feb 27, 2026 8:13:17 PM com.csc205.project2.shapes.Cone <init>
INFO: Created Cone 'Purple Party Hat' with radius=4.0, height=9.0
Feb 27, 2026 8:13:17 PM com.csc205.project2.ShapeDriver main
INFO: Created 5 shapes for analysis.
Feb 27, 2026 8:13:17 PM com.csc205.project2.shapes.Shape3D getVolume
INFO: Calculated volume for 'Red Ball': 523.5987755982989
Feb 27, 2026 8:13:17 PM com.csc205.project2.shapes.Shape3D getSurfaceArea
INFO: Calculated surface area for 'Red Ball': 314.1592653589793
Feb 27, 2026 8:13:17 PM com.csc205.project2.ShapeDriver displayShapesAndAnalysis
INFO: Displayed shape #1: Red Ball
Feb 27, 2026 8:13:17 PM com.csc205.project2.shapes.Shape3D getVolume
INFO: Calculated volume for 'Blue Box': 64.0
Feb 27, 2026 8:13:17 PM com.csc205.project2.shapes.Shape3D getSurfaceArea
INFO: Calculated surface area for 'Blue Box': 96.0
Feb 27, 2026 8:13:17 PM com.csc205.project2.ShapeDriver displayShapesAndAnalysis
INFO: Displayed shape #2: Blue Box
Feb 27, 2026 8:13:17 PM com.csc205.project2.shapes.Shape3D getVolume
INFO: Calculated volume for 'Green Pipe': 197.92033717615698
Feb 27, 2026 8:13:17 PM com.csc205.project2.shapes.Shape3D getSurfaceArea
INFO: Calculated surface area for 'Green Pipe': 188.49555921538757
Feb 27, 2026 8:13:17 PM com.csc205.project2.ShapeDriver displayShapesAndAnalysis
INFO: Displayed shape #3: Green Pipe
Feb 27, 2026 8:13:17 PM com.csc205.project2.shapes.Shape3D getVolume
INFO: Calculated volume for 'Yellow Brick': 36.0
Feb 27, 2026 8:13:17 PM com.csc205.project2.shapes.Shape3D getSurfaceArea
INFO: Calculated surface area for 'Yellow Brick': 72.0
Feb 27, 2026 8:13:17 PM com.csc205.project2.ShapeDriver displayShapesAndAnalysis
INFO: Displayed shape #4: Yellow Brick
Feb 27, 2026 8:13:17 PM com.csc205.project2.shapes.Shape3D getVolume
INFO: Calculated volume for 'Purple Party Hat': 150.79644737231007
Feb 27, 2026 8:13:17 PM com.csc205.project2.shapes.Shape3D getSurfaceArea
INFO: Calculated surface area for 'Purple Party Hat': 174.02987972292934
Feb 27, 2026 8:13:17 PM com.csc205.project2.ShapeDriver displayShapesAndAnalysis
INFO: Displayed shape #5: Purple Party Hat
Feb 27, 2026 8:13:17 PM com.csc205.project2.ShapeDriver displayShapesAndAnalysis
INFO: Analysis complete. Most efficient shape: Red Ball
Feb 27, 2026 8:13:17 PM com.csc205.project2.shapes.Shape3D <init>
INFO: Created Shape3D: name='My Prism', color='Yellow'
Feb 27, 2026 8:13:17 PM com.csc205.project2.shapes.RectangularPrism <init>
INFO: Created RectangularPrism 'My Prism' with length=4.0, width=3.0, height=2.0
Feb 27, 2026 8:13:17 PM com.csc205.project2.shapes.Shape3D getSurfaceArea
INFO: Calculated surface area for 'My Prism': 52.0
Feb 27, 2026 8:13:17 PM com.csc205.project2.shapes.Shape3D getVolume
INFO: Calculated volume for 'My Prism': 24.0
Feb 27, 2026 8:13:17 PM com.csc205.project2.ShapeDriver createShapeInteractively
INFO: User created shape: My Prism
Feb 27, 2026 8:13:17 PM com.csc205.project2.ShapeDriver runInteractiveMenu
INFO: User exited interactive menu.
Feb 27, 2026 8:13:17 PM com.csc205.project2.ShapeDriver runInteractiveMenu
INFO: 3D Shape Analysis System finished.
]]></system-err>
  </testcase>
  <testcase name="quitExitsCleanly" classname="com.csc205.project2.ShapeDriverTest$InteractiveMenuTests" time="0.004">
    <system-err><![CDATA[Feb 27, 2026 8:13:17 PM com.csc205.project2.ShapeDriver main
INFO: Starting 3D Shape Analysis System...
Feb 27, 2026 8:13:17 PM com.csc205.project2.shapes.Shape3D <init>
INFO: Created Shape3D: name='Red Ball', color='Red'
Feb 27, 2026 8:13:17 PM com.csc205.project2.shapes.Sphere <init>
INFO: Created Sphere 'Red Ball' with radius=5.0
Feb 27, 2026 8:13:17 PM com.csc205.project2.shapes.Shape3D <init>
INFO: Created Shape3D: name='Blue Box', color='Blue'
Feb 27, 2026 8:13:17 PM com.csc205.project2.shapes.Cube <init>
INFO: Created Cube 'Blue Box' with sideLength=4.0
Feb 27, 2026 8:13:17 PM com.csc205.project2.shapes.Shape3D <init>
INFO: Created Shape3D: name='Green Pipe', color='Green'
Feb 27, 2026 8:13:17 PM com.csc205.project2.shapes.Cylinder <init>
INFO: Created Cylinder 'Green Pipe' with radius=3.0, height=7.0
Feb 27, 2026 8:13:17 PM com.csc205.project2.shapes.Shape3D <init>
INFO: Created Shape3D: name='Yellow Brick', color='Yellow'
Feb 27, 2026 8:13:17 PM com.csc205.project2.shapes.RectangularPrism <init>
INFO: Created RectangularPrism 'Yellow Brick' with length=6.0, width=3.0, height=2.0
Feb 27, 2026 8:13:17 PM com.csc205.project2.shapes.Shape3D <init>
INFO: Created Shape3D: name='Purple Party Hat', color='Purple'
Feb 27, 2026 8:13:17 PM com.csc205.project2.shapes.Cone <init>
INFO: Created Cone 'Purple Party Hat' with radius=4.0, height=9.0
Feb 27, 2026 8:13:17 PM com.csc205.project2.ShapeDriver main
INFO: Created 5 shapes for analysis.
Feb 27, 2026 8:13:17 PM com.csc205.project2.shapes.Shape3D getVolume
INFO: Calculated volume for 'Red Ball': 523.5987755982989
Feb 27, 2026 8:13:17 PM com.csc205.project2.shapes.Shape3D getSurfaceArea
INFO: Calculated surface area for 'Red Ball': 314.1592653589793
Feb 27, 2026 8:13:17 PM com.csc205.project2.ShapeDriver displayShapesAndAnalysis
INFO: Displayed shape #1: Red Ball
Feb 27, 2026 8:13:17 PM com.csc205.project2.shapes.Shape3D getVolume
INFO: Calculated volume for 'Blue Box': 64.0
Feb 27, 2026 8:13:17 PM com.csc205.project2.shapes.Shape3D getSurfaceArea
INFO: Calculated surface area for 'Blue Box': 96.0
Feb 27, 2026 8:13:17 PM com.csc205.project2.ShapeDriver displayShapesAndAnalysis
INFO: Displayed shape #2: Blue Box
Feb 27, 2026 8:13:17 PM com.csc205.project2.shapes.Shape3D getVolume
INFO: Calculated volume for 'Green Pipe': 197.92033717615698
Feb 27, 2026 8:13:17 PM com.csc205.project2.shapes.Shape3D getSurfaceArea
INFO: Calculated surface area for 'Green Pipe': 188.49555921538757
Feb 27, 2026 8:13:17 PM com.csc205.project2.ShapeDriver displayShapesAndAnalysis
INFO: Displayed shape #3: Green Pipe
Feb 27, 2026 8:13:17 PM com.csc205.project2.shapes.Shape3D getVolume
INFO: Calculated volume for 'Yellow Brick': 36.0
Feb 27, 2026 8:13:17 PM com.csc205.project2.shapes.Shape3D getSurfaceArea
INFO: Calculated surface area for 'Yellow Brick': 72.0
Feb 27, 2026 8:13:17 PM com.csc205.project2.ShapeDriver displayShapesAndAnalysis
INFO: Displayed shape #4: Yellow Brick
Feb 27, 2026 8:13:17 PM com.csc205.project2.shapes.Shape3D getVolume
INFO: Calculated volume for 'Purple Party Hat': 150.79644737231007
Feb 27, 2026 8:13:17 PM com.csc205.project2.shapes.Shape3D getSurfaceArea
INFO: Calculated surface area for 'Purple Party Hat': 174.02987972292934
Feb 27, 2026 8:13:17 PM com.csc205.project2.ShapeDriver displayShapesAndAnalysis
INFO: Displayed shape #5: Purple Party Hat
Feb 27, 2026 8:13:17 PM com.csc205.project2.ShapeDriver displayShapesAndAnalysis
INFO: Analysis complete. Most efficient shape: Red Ball
Feb 27, 2026 8:13:17 PM com.csc205.project2.ShapeDriver runInteractiveMenu
INFO: User exited interactive menu.
Feb 27, 2026 8:13:17 PM com.csc205.project2.ShapeDriver runInteractiveMenu
INFO: 3D Shape Analysis System finished.
]]></system-err>
  </testcase>
  <testcase name="invalidDimensionShowsError" classname="com.csc205.project2.ShapeDriverTest$InteractiveMenuTests" time="0.009">
    <system-err><![CDATA[Feb 27, 2026 8:13:17 PM com.csc205.project2.ShapeDriver main
INFO: Starting 3D Shape Analysis System...
Feb 27, 2026 8:13:17 PM com.csc205.project2.shapes.Shape3D <init>
INFO: Created Shape3D: name='Red Ball', color='Red'
Feb 27, 2026 8:13:17 PM com.csc205.project2.shapes.Sphere <init>
INFO: Created Sphere 'Red Ball' with radius=5.0
Feb 27, 2026 8:13:17 PM com.csc205.project2.shapes.Shape3D <init>
INFO: Created Shape3D: name='Blue Box', color='Blue'
Feb 27, 2026 8:13:17 PM com.csc205.project2.shapes.Cube <init>
INFO: Created Cube 'Blue Box' with sideLength=4.0
Feb 27, 2026 8:13:17 PM com.csc205.project2.shapes.Shape3D <init>
INFO: Created Shape3D: name='Green Pipe', color='Green'
Feb 27, 2026 8:13:17 PM com.csc205.project2.shapes.Cylinder <init>
INFO: Created Cylinder 'Green Pipe' with radius=3.0, height=7.0
Feb 27, 2026 8:13:17 PM com.csc205.project2.shapes.Shape3D <init>
INFO: Created Shape3D: name='Yellow Brick', color='Yellow'
Feb 27, 2026 8:13:17 PM com.csc205.project2.shapes.RectangularPrism <init>
INFO: Created RectangularPrism 'Yellow Brick' with length=6.0, width=3.0, height=2.0
Feb 27, 2026 8:13:17 PM com.csc205.project2.shapes.Shape3D <init>
INFO: Created Shape3D: name='Purple Party Hat', color='Purple'
Feb 27, 2026 8:13:17 PM com.csc205.project2.shapes.Cone <init>
INFO: Created Cone 'Purple Party Hat' with radius=4.0, height=9.0
Feb 27, 2026 8:13:17 PM com.csc205.project2.ShapeDriver main
INFO: Created 5 shapes for analysis.
Feb 27, 2026 8:13:17 PM com.csc205.project2.shapes.Shape3D getVolume
INFO: Calculated volume for 'Red Ball': 523.5987755982989
Feb 27, 2026 8:13:17 PM com.csc205.project2.shapes.Shape3D getSurfaceArea
INFO: Calculated surface area for 'Red Ball': 314.1592653589793
Feb 27, 2026 8:13:17 PM com.csc205.project2.ShapeDriver displayShapesAndAnalysis
INFO: Displayed shape #1: Red Ball
Feb 27, 2026 8:13:17 PM com.csc205.project2.shapes.Shape3D getVolume
INFO: Calculated volume for 'Blue Box': 64.0
Feb 27, 2026 8:13:17 PM com.csc205.project2.shapes.Shape3D getSurfaceArea
INFO: Calculated surface area for 'Blue Box': 96.0
Feb 27, 2026 8:13:17 PM com.csc205.project2.ShapeDriver displayShapesAndAnalysis
INFO: Displayed shape #2: Blue Box
Feb 27, 2026 8:13:17 PM com.csc205.project2.shapes.Shape3D getVolume
INFO: Calculated volume for 'Green Pipe': 197.92033717615698
Feb 27, 2026 8:13:17 PM com.csc205.project2.shapes.Shape3D getSurfaceArea
INFO: Calculated surface area for 'Green Pipe': 188.49555921538757
Feb 27, 2026 8:13:17 PM com.csc205.project2.ShapeDriver displayShapesAndAnalysis
INFO: Displayed shape #3: Green Pipe
Feb 27, 2026 8:13:17 PM com.csc205.project2.shapes.Shape3D getVolume
INFO: Calculated volume for 'Yellow Brick': 36.0
Feb 27, 2026 8:13:17 PM com.csc205.project2.shapes.Shape3D getSurfaceArea
INFO: Calculated surface area for 'Yellow Brick': 72.0
Feb 27, 2026 8:13:17 PM com.csc205.project2.ShapeDriver displayShapesAndAnalysis
INFO: Displayed shape #4: Yellow Brick
Feb 27, 2026 8:13:17 PM com.csc205.project2.shapes.Shape3D getVolume
INFO: Calculated volume for 'Purple Party Hat': 150.79644737231007
Feb 27, 2026 8:13:17 PM com.csc205.project2.shapes.Shape3D getSurfaceArea
INFO: Calculated surface area for 'Purple Party Hat': 174.02987972292934
Feb 27, 2026 8:13:17 PM com.csc205.project2.ShapeDriver displayShapesAndAnalysis
INFO: Displayed shape #5: Purple Party Hat
Feb 27, 2026 8:13:17 PM com.csc205.project2.ShapeDriver displayShapesAndAnalysis
INFO: Analysis complete. Most efficient shape: Red Ball
Feb 27, 2026 8:13:17 PM com.csc205.project2.shapes.Shape3D <init>
INFO: Created Shape3D: name='Bad Sphere', color='Red'
Feb 27, 2026 8:13:17 PM com.csc205.project2.shapes.Sphere <init>
SEVERE: Invalid radius (-5.0) for Sphere 'Bad Sphere'.
Feb 27, 2026 8:13:17 PM com.csc205.project2.ShapeDriver createShapeInteractively
WARNING: Shape creation failed: Radius must be greater than zero.
Feb 27, 2026 8:13:17 PM com.csc205.project2.ShapeDriver runInteractiveMenu
INFO: User exited interactive menu.
Feb 27, 2026 8:13:17 PM com.csc205.project2.ShapeDriver runInteractiveMenu
INFO: 3D Shape Analysis System finished.
]]></system-err>
  </testcase>
  <testcase name="newShapeAppearsInViewAll" classname="com.csc205.project2.ShapeDriverTest$InteractiveMenuTests" time="0.007">
    <system-err><![CDATA[Feb 27, 2026 8:13:17 PM com.csc205.project2.ShapeDriver main
INFO: Starting 3D Shape Analysis System...
Feb 27, 2026 8:13:17 PM com.csc205.project2.shapes.Shape3D <init>
INFO: Created Shape3D: name='Red Ball', color='Red'
Feb 27, 2026 8:13:17 PM com.csc205.project2.shapes.Sphere <init>
INFO: Created Sphere 'Red Ball' with radius=5.0
Feb 27, 2026 8:13:17 PM com.csc205.project2.shapes.Shape3D <init>
INFO: Created Shape3D: name='Blue Box', color='Blue'
Feb 27, 2026 8:13:17 PM com.csc205.project2.shapes.Cube <init>
INFO: Created Cube 'Blue Box' with sideLength=4.0
Feb 27, 2026 8:13:17 PM com.csc205.project2.shapes.Shape3D <init>
INFO: Created Shape3D: name='Green Pipe', color='Green'
Feb 27, 2026 8:13:17 PM com.csc205.project2.shapes.Cylinder <init>
INFO: Created Cylinder 'Green Pipe' with radius=3.0, height=7.0
Feb 27, 2026 8:13:17 PM com.csc205.project2.shapes.Shape3D <init>
INFO: Created Shape3D: name='Yellow Brick', color='Yellow'
Feb 27, 2026 8:13:17 PM com.csc205.project2.shapes.RectangularPrism <init>
INFO: Created RectangularPrism 'Yellow Brick' with length=6.0, width=3.0, height=2.0
Feb 27, 2026 8:13:17 PM com.csc205.project2.shapes.Shape3D <init>
INFO: Created Shape3D: name='Purple Party Hat', color='Purple'
Feb 27, 2026 8:13:17 PM com.csc205.project2.shapes.Cone <init>
INFO: Created Cone 'Purple Party Hat' with radius=4.0, height=9.0
Feb 27, 2026 8:13:17 PM com.csc205.project2.ShapeDriver main
INFO: Created 5 shapes for analysis.
Feb 27, 2026 8:13:17 PM com.csc205.project2.shapes.Shape3D getVolume
INFO: Calculated volume for 'Red Ball': 523.5987755982989
Feb 27, 2026 8:13:17 PM com.csc205.project2.shapes.Shape3D getSurfaceArea
INFO: Calculated surface area for 'Red Ball': 314.1592653589793
Feb 27, 2026 8:13:17 PM com.csc205.project2.ShapeDriver displayShapesAndAnalysis
INFO: Displayed shape #1: Red Ball
Feb 27, 2026 8:13:17 PM com.csc205.project2.shapes.Shape3D getVolume
INFO: Calculated volume for 'Blue Box': 64.0
Feb 27, 2026 8:13:17 PM com.csc205.project2.shapes.Shape3D getSurfaceArea
INFO: Calculated surface area for 'Blue Box': 96.0
Feb 27, 2026 8:13:17 PM com.csc205.project2.ShapeDriver displayShapesAndAnalysis
INFO: Displayed shape #2: Blue Box
Feb 27, 2026 8:13:17 PM com.csc205.project2.shapes.Shape3D getVolume
INFO: Calculated volume for 'Green Pipe': 197.92033717615698
Feb 27, 2026 8:13:17 PM com.csc205.project2.shapes.Shape3D getSurfaceArea
INFO: Calculated surface area for 'Green Pipe': 188.49555921538757
Feb 27, 2026 8:13:17 PM com.csc205.project2.ShapeDriver displayShapesAndAnalysis
INFO: Displayed shape #3: Green Pipe
Feb 27, 2026 8:13:17 PM com.csc205.project2.shapes.Shape3D getVolume
INFO: Calculated volume for 'Yellow Brick': 36.0
Feb 27, 2026 8:13:17 PM com.csc205.project2.shapes.Shape3D getSurfaceArea
INFO: Calculated surface area for 'Yellow Brick': 72.0
Feb 27, 2026 8:13:17 PM com.csc205.project2.ShapeDriver displayShapesAndAnalysis
INFO: Displayed shape #4: Yellow Brick
Feb 27, 2026 8:13:17 PM com.csc205.project2.shapes.Shape3D getVolume
INFO: Calculated volume for 'Purple Party Hat': 150.79644737231007
Feb 27, 2026 8:13:17 PM com.csc205.project2.shapes.Shape3D getSurfaceArea
INFO: Calculated surface area for 'Purple Party Hat': 174.02987972292934
Feb 27, 2026 8:13:17 PM com.csc205.project2.ShapeDriver displayShapesAndAnalysis
INFO: Displayed shape #5: Purple Party Hat
Feb 27, 2026 8:13:17 PM com.csc205.project2.ShapeDriver displayShapesAndAnalysis
INFO: Analysis complete. Most efficient shape: Red Ball
Feb 27, 2026 8:13:17 PM com.csc205.project2.shapes.Shape3D <init>
INFO: Created Shape3D: name='Extra Ball', color='Orange'
Feb 27, 2026 8:13:17 PM com.csc205.project2.shapes.Sphere <init>
INFO: Created Sphere 'Extra Ball' with radius=2.0
Feb 27, 2026 8:13:17 PM com.csc205.project2.shapes.Shape3D getSurfaceArea
INFO: Calculated surface area for 'Extra Ball': 50.26548245743669
Feb 27, 2026 8:13:17 PM com.csc205.project2.shapes.Shape3D getVolume
INFO: Calculated volume for 'Extra Ball': 33.510321638291124
Feb 27, 2026 8:13:17 PM com.csc205.project2.ShapeDriver createShapeInteractively
INFO: User created shape: Extra Ball
Feb 27, 2026 8:13:17 PM com.csc205.project2.shapes.Shape3D getVolume
INFO: Calculated volume for 'Red Ball': 523.5987755982989
Feb 27, 2026 8:13:17 PM com.csc205.project2.shapes.Shape3D getSurfaceArea
INFO: Calculated surface area for 'Red Ball': 314.1592653589793
Feb 27, 2026 8:13:17 PM com.csc205.project2.ShapeDriver displayShapesAndAnalysis
INFO: Displayed shape #1: Red Ball
Feb 27, 2026 8:13:17 PM com.csc205.project2.shapes.Shape3D getVolume
INFO: Calculated volume for 'Blue Box': 64.0
Feb 27, 2026 8:13:17 PM com.csc205.project2.shapes.Shape3D getSurfaceArea
INFO: Calculated surface area for 'Blue Box': 96.0
Feb 27, 2026 8:13:17 PM com.csc205.project2.ShapeDriver displayShapesAndAnalysis
INFO: Displayed shape #2: Blue Box
Feb 27, 2026 8:13:17 PM com.csc205.project2.shapes.Shape3D getVolume
INFO: Calculated volume for 'Green Pipe': 197.92033717615698
Feb 27, 2026 8:13:17 PM com.csc205.project2.shapes.Shape3D getSurfaceArea
INFO: Calculated surface area for 'Green Pipe': 188.49555921538757
Feb 27, 2026 8:13:17 PM com.csc205.project2.ShapeDriver displayShapesAndAnalysis
INFO: Displayed shape #3: Green Pipe
Feb 27, 2026 8:13:17 PM com.csc205.project2.shapes.Shape3D getVolume
INFO: Calculated volume for 'Yellow Brick': 36.0
Feb 27, 2026 8:13:17 PM com.csc205.project2.shapes.Shape3D getSurfaceArea
INFO: Calculated surface area for 'Yellow Brick': 72.0
Feb 27, 2026 8:13:17 PM com.csc205.project2.ShapeDriver displayShapesAndAnalysis
INFO: Displayed shape #4: Yellow Brick
Feb 27, 2026 8:13:17 PM com.csc205.project2.shapes.Shape3D getVolume
INFO: Calculated volume for 'Purple Party Hat': 150.79644737231007
Feb 27, 2026 8:13:17 PM com.csc205.project2.shapes.Shape3D getSurfaceArea
INFO: Calculated surface area for 'Purple Party Hat': 174.02987972292934
Feb 27, 2026 8:13:17 PM com.csc205.project2.ShapeDriver displayShapesAndAnalysis
INFO: Displayed shape #5: Purple Party Hat
Feb 27, 2026 8:13:17 PM com.csc205.project2.shapes.Shape3D getVolume
INFO: Calculated volume for 'Extra Ball': 33.510321638291124
Feb 27, 2026 8:13:17 PM com.csc205.project2.shapes.Shape3D getSurfaceArea
INFO: Calculated surface area for 'Extra Ball': 50.26548245743669
Feb 27, 2026 8:13:17 PM com.csc205.project2.ShapeDriver displayShapesAndAnalysis
INFO: Displayed shape #6: Extra Ball
Feb 27, 2026 8:13:17 PM com.csc205.project2.ShapeDriver displayShapesAndAnalysis
INFO: Analysis complete. Most efficient shape: Red Ball
Feb 27, 2026 8:13:17 PM com.csc205.project2.ShapeDriver runInteractiveMenu
INFO: User exited interactive menu.
Feb 27, 2026 8:13:17 PM com.csc205.project2.ShapeDriver runInteractiveMenu
INFO: 3D Shape Analysis System finished.
]]></system-err>
  </testcase>
  <testcase name="createSphereInteractively" classname="com.csc205.project2.ShapeDriverTest$InteractiveMenuTests" time="0.004">
    <system-err><![CDATA[Feb 27, 2026 8:13:17 PM com.csc205.project2.ShapeDriver main
INFO: Starting 3D Shape Analysis System...
Feb 27, 2026 8:13:17 PM com.csc205.project2.shapes.Shape3D <init>
INFO: Created Shape3D: name='Red Ball', color='Red'
Feb 27, 2026 8:13:17 PM com.csc205.project2.shapes.Sphere <init>
INFO: Created Sphere 'Red Ball' with radius=5.0
Feb 27, 2026 8:13:17 PM com.csc205.project2.shapes.Shape3D <init>
INFO: Created Shape3D: name='Blue Box', color='Blue'
Feb 27, 2026 8:13:17 PM com.csc205.project2.shapes.Cube <init>
INFO: Created Cube 'Blue Box' with sideLength=4.0
Feb 27, 2026 8:13:17 PM com.csc205.project2.shapes.Shape3D <init>
INFO: Created Shape3D: name='Green Pipe', color='Green'
Feb 27, 2026 8:13:17 PM com.csc205.project2.shapes.Cylinder <init>
INFO: Created Cylinder 'Green Pipe' with radius=3.0, height=7.0
Feb 27, 2026 8:13:17 PM com.csc205.project2.shapes.Shape3D <init>
INFO: Created Shape3D: name='Yellow Brick', color='Yellow'
Feb 27, 2026 8:13:17 PM com.csc205.project2.shapes.RectangularPrism <init>
INFO: Created RectangularPrism 'Yellow Brick' with length=6.0, width=3.0, height=2.0
Feb 27, 2026 8:13:17 PM com.csc205.project2.shapes.Shape3D <init>
INFO: Created Shape3D: name='Purple Party Hat', color='Purple'
Feb 27, 2026 8:13:17 PM com.csc205.project2.shapes.Cone <init>
INFO: Created Cone 'Purple Party Hat' with radius=4.0, height=9.0
Feb 27, 2026 8:13:17 PM com.csc205.project2.ShapeDriver main
INFO: Created 5 shapes for analysis.
Feb 27, 2026 8:13:17 PM com.csc205.project2.shapes.Shape3D getVolume
INFO: Calculated volume for 'Red Ball': 523.5987755982989
Feb 27, 2026 8:13:17 PM com.csc205.project2.shapes.Shape3D getSurfaceArea
INFO: Calculated surface area for 'Red Ball': 314.1592653589793
Feb 27, 2026 8:13:17 PM com.csc205.project2.ShapeDriver displayShapesAndAnalysis
INFO: Displayed shape #1: Red Ball
Feb 27, 2026 8:13:17 PM com.csc205.project2.shapes.Shape3D getVolume
INFO: Calculated volume for 'Blue Box': 64.0
Feb 27, 2026 8:13:17 PM com.csc205.project2.shapes.Shape3D getSurfaceArea
INFO: Calculated surface area for 'Blue Box': 96.0
Feb 27, 2026 8:13:17 PM com.csc205.project2.ShapeDriver displayShapesAndAnalysis
INFO: Displayed shape #2: Blue Box
Feb 27, 2026 8:13:17 PM com.csc205.project2.shapes.Shape3D getVolume
INFO: Calculated volume for 'Green Pipe': 197.92033717615698
Feb 27, 2026 8:13:17 PM com.csc205.project2.shapes.Shape3D getSurfaceArea
INFO: Calculated surface area for 'Green Pipe': 188.49555921538757
Feb 27, 2026 8:13:17 PM com.csc205.project2.ShapeDriver displayShapesAndAnalysis
INFO: Displayed shape #3: Green Pipe
Feb 27, 2026 8:13:17 PM com.csc205.project2.shapes.Shape3D getVolume
INFO: Calculated volume for 'Yellow Brick': 36.0
Feb 27, 2026 8:13:17 PM com.csc205.project2.shapes.Shape3D getSurfaceArea
INFO: Calculated surface area for 'Yellow Brick': 72.0
Feb 27, 2026 8:13:17 PM com.csc205.project2.ShapeDriver displayShapesAndAnalysis
INFO: Displayed shape #4: Yellow Brick
Feb 27, 2026 8:13:17 PM com.csc205.project2.shapes.Shape3D getVolume
INFO: Calculated volume for 'Purple Party Hat': 150.79644737231007
Feb 27, 2026 8:13:17 PM com.csc205.project2.shapes.Shape3D getSurfaceArea
INFO: Calculated surface area for 'Purple Party Hat': 174.02987972292934
Feb 27, 2026 8:13:17 PM com.csc205.project2.ShapeDriver displayShapesAndAnalysis
INFO: Displayed shape #5: Purple Party Hat
Feb 27, 2026 8:13:17 PM com.csc205.project2.ShapeDriver displayShapesAndAnalysis
INFO: Analysis complete. Most efficient shape: Red Ball
Feb 27, 2026 8:13:17 PM com.csc205.project2.shapes.Shape3D <init>
INFO: Created Shape3D: name='My Sphere', color='Blue'
Feb 27, 2026 8:13:17 PM com.csc205.project2.shapes.Sphere <init>
INFO: Created Sphere 'My Sphere' with radius=7.5
Feb 27, 2026 8:13:17 PM com.csc205.project2.shapes.Shape3D getSurfaceArea
INFO: Calculated surface area for 'My Sphere': 706.8583470577034
Feb 27, 2026 8:13:17 PM com.csc205.project2.shapes.Shape3D getVolume
INFO: Calculated volume for 'My Sphere': 1767.1458676442585
Feb 27, 2026 8:13:17 PM com.csc205.project2.ShapeDriver createShapeInteractively
INFO: User created shape: My Sphere
Feb 27, 2026 8:13:17 PM com.csc205.project2.ShapeDriver runInteractiveMenu
INFO: User exited interactive menu.
Feb 27, 2026 8:13:17 PM com.csc205.project2.ShapeDriver runInteractiveMenu
INFO: 3D Shape Analysis System finished.
]]></system-err>
  </testcase>
  <testcase name="createCylinderInteractively" classname="com.csc205.project2.ShapeDriverTest$InteractiveMenuTests" time="0.005">
    <system-err><![CDATA[Feb 27, 2026 8:13:17 PM com.csc205.project2.ShapeDriver main
INFO: Starting 3D Shape Analysis System...
Feb 27, 2026 8:13:17 PM com.csc205.project2.shapes.Shape3D <init>
INFO: Created Shape3D: name='Red Ball', color='Red'
Feb 27, 2026 8:13:17 PM com.csc205.project2.shapes.Sphere <init>
INFO: Created Sphere 'Red Ball' with radius=5.0
Feb 27, 2026 8:13:17 PM com.csc205.project2.shapes.Shape3D <init>
INFO: Created Shape3D: name='Blue Box', color='Blue'
Feb 27, 2026 8:13:17 PM com.csc205.project2.shapes.Cube <init>
INFO: Created Cube 'Blue Box' with sideLength=4.0
Feb 27, 2026 8:13:17 PM com.csc205.project2.shapes.Shape3D <init>
INFO: Created Shape3D: name='Green Pipe', color='Green'
Feb 27, 2026 8:13:17 PM com.csc205.project2.shapes.Cylinder <init>
INFO: Created Cylinder 'Green Pipe' with radius=3.0, height=7.0
Feb 27, 2026 8:13:17 PM com.csc205.project2.shapes.Shape3D <init>
INFO: Created Shape3D: name='Yellow Brick', color='Yellow'
Feb 27, 2026 8:13:17 PM com.csc205.project2.shapes.RectangularPrism <init>
INFO: Created RectangularPrism 'Yellow Brick' with length=6.0, width=3.0, height=2.0
Feb 27, 2026 8:13:17 PM com.csc205.project2.shapes.Shape3D <init>
INFO: Created Shape3D: name='Purple Party Hat', color='Purple'
Feb 27, 2026 8:13:17 PM com.csc205.project2.shapes.Cone <init>
INFO: Created Cone 'Purple Party Hat' with radius=4.0, height=9.0
Feb 27, 2026 8:13:17 PM com.csc205.project2.ShapeDriver main
INFO: Created 5 shapes for analysis.
Feb 27, 2026 8:13:17 PM com.csc205.project2.shapes.Shape3D getVolume
INFO: Calculated volume for 'Red Ball': 523.5987755982989
Feb 27, 2026 8:13:17 PM com.csc205.project2.shapes.Shape3D getSurfaceArea
INFO: Calculated surface area for 'Red Ball': 314.1592653589793
Feb 27, 2026 8:13:17 PM com.csc205.project2.ShapeDriver displayShapesAndAnalysis
INFO: Displayed shape #1: Red Ball
Feb 27, 2026 8:13:17 PM com.csc205.project2.shapes.Shape3D getVolume
INFO: Calculated volume for 'Blue Box': 64.0
Feb 27, 2026 8:13:17 PM com.csc205.project2.shapes.Shape3D getSurfaceArea
INFO: Calculated surface area for 'Blue Box': 96.0
Feb 27, 2026 8:13:17 PM com.csc205.project2.ShapeDriver displayShapesAndAnalysis
INFO: Displayed shape #2: Blue Box
Feb 27, 2026 8:13:17 PM com.csc205.project2.shapes.Shape3D getVolume
INFO: Calculated volume for 'Green Pipe': 197.92033717615698
Feb 27, 2026 8:13:17 PM com.csc205.project2.shapes.Shape3D getSurfaceArea
INFO: Calculated surface area for 'Green Pipe': 188.49555921538757
Feb 27, 2026 8:13:17 PM com.csc205.project2.ShapeDriver displayShapesAndAnalysis
INFO: Displayed shape #3: Green Pipe
Feb 27, 2026 8:13:17 PM com.csc205.project2.shapes.Shape3D getVolume
INFO: Calculated volume for 'Yellow Brick': 36.0
Feb 27, 2026 8:13:17 PM com.csc205.project2.shapes.Shape3D getSurfaceArea
INFO: Calculated surface area for 'Yellow Brick': 72.0
Feb 27, 2026 8:13:17 PM com.csc205.project2.ShapeDriver displayShapesAndAnalysis
INFO: Displayed shape #4: Yellow Brick
Feb 27, 2026 8:13:17 PM com.csc205.project2.shapes.Shape3D getVolume
INFO: Calculated volume for 'Purple Party Hat': 150.79644737231007
Feb 27, 2026 8:13:17 PM com.csc205.project2.shapes.Shape3D getSurfaceArea
INFO: Calculated surface area for 'Purple Party Hat': 174.02987972292934
Feb 27, 2026 8:13:17 PM com.csc205.project2.ShapeDriver displayShapesAndAnalysis
INFO: Displayed shape #5: Purple Party Hat
Feb 27, 2026 8:13:17 PM com.csc205.project2.ShapeDriver displayShapesAndAnalysis
INFO: Analysis complete. Most efficient shape: Red Ball
Feb 27, 2026 8:13:17 PM com.csc205.project2.shapes.Shape3D <init>
INFO: Created Shape3D: name='My Cylinder', color='Red'
Feb 27, 2026 8:13:17 PM com.csc205.project2.shapes.Cylinder <init>
INFO: Created Cylinder 'My Cylinder' with radius=2.0, height=5.0
Feb 27, 2026 8:13:17 PM com.csc205.project2.shapes.Shape3D getSurfaceArea
INFO: Calculated surface area for 'My Cylinder': 87.96459430051421
Feb 27, 2026 8:13:17 PM com.csc205.project2.shapes.Shape3D getVolume
INFO: Calculated volume for 'My Cylinder': 62.83185307179586
Feb 27, 2026 8:13:17 PM com.csc205.project2.ShapeDriver createShapeInteractively
INFO: User created shape: My Cylinder
Feb 27, 2026 8:13:17 PM com.csc205.project2.ShapeDriver runInteractiveMenu
INFO: User exited interactive menu.
Feb 27, 2026 8:13:17 PM com.csc205.project2.ShapeDriver runInteractiveMenu
INFO: 3D Shape Analysis System finished.
]]></system-err>
  </testcase>
  <testcase name="invalidMenuOption" classname="com.csc205.project2.ShapeDriverTest$InteractiveMenuTests" time="0.003">
    <system-err><![CDATA[Feb 27, 2026 8:13:17 PM com.csc205.project2.ShapeDriver main
INFO: Starting 3D Shape Analysis System...
Feb 27, 2026 8:13:17 PM com.csc205.project2.shapes.Shape3D <init>
INFO: Created Shape3D: name='Red Ball', color='Red'
Feb 27, 2026 8:13:17 PM com.csc205.project2.shapes.Sphere <init>
INFO: Created Sphere 'Red Ball' with radius=5.0
Feb 27, 2026 8:13:17 PM com.csc205.project2.shapes.Shape3D <init>
INFO: Created Shape3D: name='Blue Box', color='Blue'
Feb 27, 2026 8:13:17 PM com.csc205.project2.shapes.Cube <init>
INFO: Created Cube 'Blue Box' with sideLength=4.0
Feb 27, 2026 8:13:17 PM com.csc205.project2.shapes.Shape3D <init>
INFO: Created Shape3D: name='Green Pipe', color='Green'
Feb 27, 2026 8:13:17 PM com.csc205.project2.shapes.Cylinder <init>
INFO: Created Cylinder 'Green Pipe' with radius=3.0, height=7.0
Feb 27, 2026 8:13:17 PM com.csc205.project2.shapes.Shape3D <init>
INFO: Created Shape3D: name='Yellow Brick', color='Yellow'
Feb 27, 2026 8:13:17 PM com.csc205.project2.shapes.RectangularPrism <init>
INFO: Created RectangularPrism 'Yellow Brick' with length=6.0, width=3.0, height=2.0
Feb 27, 2026 8:13:17 PM com.csc205.project2.shapes.Shape3D <init>
INFO: Created Shape3D: name='Purple Party Hat', color='Purple'
Feb 27, 2026 8:13:17 PM com.csc205.project2.shapes.Cone <init>
INFO: Created Cone 'Purple Party Hat' with radius=4.0, height=9.0
Feb 27, 2026 8:13:17 PM com.csc205.project2.ShapeDriver main
INFO: Created 5 shapes for analysis.
Feb 27, 2026 8:13:17 PM com.csc205.project2.shapes.Shape3D getVolume
INFO: Calculated volume for 'Red Ball': 523.5987755982989
Feb 27, 2026 8:13:17 PM com.csc205.project2.shapes.Shape3D getSurfaceArea
INFO: Calculated surface area for 'Red Ball': 314.1592653589793
Feb 27, 2026 8:13:17 PM com.csc205.project2.ShapeDriver displayShapesAndAnalysis
INFO: Displayed shape #1: Red Ball
Feb 27, 2026 8:13:17 PM com.csc205.project2.shapes.Shape3D getVolume
INFO: Calculated volume for 'Blue Box': 64.0
Feb 27, 2026 8:13:17 PM com.csc205.project2.shapes.Shape3D getSurfaceArea
INFO: Calculated surface area for 'Blue Box': 96.0
Feb 27, 2026 8:13:17 PM com.csc205.project2.ShapeDriver displayShapesAndAnalysis
INFO: Displayed shape #2: Blue Box
Feb 27, 2026 8:13:17 PM com.csc205.project2.shapes.Shape3D getVolume
INFO: Calculated volume for 'Green Pipe': 197.92033717615698
Feb 27, 2026 8:13:17 PM com.csc205.project2.shapes.Shape3D getSurfaceArea
INFO: Calculated surface area for 'Green Pipe': 188.49555921538757
Feb 27, 2026 8:13:17 PM com.csc205.project2.ShapeDriver displayShapesAndAnalysis
INFO: Displayed shape #3: Green Pipe
Feb 27, 2026 8:13:17 PM com.csc205.project2.shapes.Shape3D getVolume
INFO: Calculated volume for 'Yellow Brick': 36.0
Feb 27, 2026 8:13:17 PM com.csc205.project2.shapes.Shape3D getSurfaceArea
INFO: Calculated surface area for 'Yellow Brick': 72.0
Feb 27, 2026 8:13:17 PM com.csc205.project2.ShapeDriver displayShapesAndAnalysis
INFO: Displayed shape #4: Yellow Brick
Feb 27, 2026 8:13:17 PM com.csc205.project2.shapes.Shape3D getVolume
INFO: Calculated volume for 'Purple Party Hat': 150.79644737231007
Feb 27, 2026 8:13:17 PM com.csc205.project2.shapes.Shape3D getSurfaceArea
INFO: Calculated surface area for 'Purple Party Hat': 174.02987972292934
Feb 27, 2026 8:13:17 PM com.csc205.project2.ShapeDriver displayShapesAndAnalysis
INFO: Displayed shape #5: Purple Party Hat
Feb 27, 2026 8:13:17 PM com.csc205.project2.ShapeDriver displayShapesAndAnalysis
INFO: Analysis complete. Most efficient shape: Red Ball
Feb 27, 2026 8:13:17 PM com.csc205.project2.ShapeDriver runInteractiveMenu
INFO: User exited interactive menu.
Feb 27, 2026 8:13:17 PM com.csc205.project2.ShapeDriver runInteractiveMenu
INFO: 3D Shape Analysis System finished.
]]></system-err>
  </testcase>
  <testcase name="viewAllShapesRedisplays" classname="com.csc205.project2.ShapeDriverTest$InteractiveMenuTests" time="0.012">
    <system-err><![CDATA[Feb 27, 2026 8:13:17 PM com.csc205.project2.ShapeDriver main
INFO: Starting 3D Shape Analysis System...
Feb 27, 2026 8:13:17 PM com.csc205.project2.shapes.Shape3D <init>
INFO: Created Shape3D: name='Red Ball', color='Red'
Feb 27, 2026 8:13:17 PM com.csc205.project2.shapes.Sphere <init>
INFO: Created Sphere 'Red Ball' with radius=5.0
Feb 27, 2026 8:13:17 PM com.csc205.project2.shapes.Shape3D <init>
INFO: Created Shape3D: name='Blue Box', color='Blue'
Feb 27, 2026 8:13:17 PM com.csc205.project2.shapes.Cube <init>
INFO: Created Cube 'Blue Box' with sideLength=4.0
Feb 27, 2026 8:13:17 PM com.csc205.project2.shapes.Shape3D <init>
INFO: Created Shape3D: name='Green Pipe', color='Green'
Feb 27, 2026 8:13:17 PM com.csc205.project2.shapes.Cylinder <init>
INFO: Created Cylinder 'Green Pipe' with radius=3.0, height=7.0
Feb 27, 2026 8:13:17 PM com.csc205.project2.shapes.Shape3D <init>
INFO: Created Shape3D: name='Yellow Brick', color='Yellow'
Feb 27, 2026 8:13:17 PM com.csc205.project2.shapes.RectangularPrism <init>
INFO: Created RectangularPrism 'Yellow Brick' with length=6.0, width=3.0, height=2.0
Feb 27, 2026 8:13:17 PM com.csc205.project2.shapes.Shape3D <init>
INFO: Created Shape3D: name='Purple Party Hat', color='Purple'
Feb 27, 2026 8:13:17 PM com.csc205.project2.shapes.Cone <init>
INFO: Created Cone 'Purple Party Hat' with radius=4.0, height=9.0
Feb 27, 2026 8:13:17 PM com.csc205.project2.ShapeDriver main
INFO: Created 5 shapes for analysis.
Feb 27, 2026 8:13:17 PM com.csc205.project2.shapes.Shape3D getVolume
INFO: Calculated volume for 'Red Ball': 523.5987755982989
Feb 27, 2026 8:13:17 PM com.csc205.project2.shapes.Shape3D getSurfaceArea
INFO: Calculated surface area for 'Red Ball': 314.1592653589793
Feb 27, 2026 8:13:17 PM com.csc205.project2.ShapeDriver displayShapesAndAnalysis
INFO: Displayed shape #1: Red Ball
Feb 27, 2026 8:13:17 PM com.csc205.project2.shapes.Shape3D getVolume
INFO: Calculated volume for 'Blue Box': 64.0
Feb 27, 2026 8:13:17 PM com.csc205.project2.shapes.Shape3D getSurfaceArea
INFO: Calculated surface area for 'Blue Box': 96.0
Feb 27, 2026 8:13:17 PM com.csc205.project2.ShapeDriver displayShapesAndAnalysis
INFO: Displayed shape #2: Blue Box
Feb 27, 2026 8:13:17 PM com.csc205.project2.shapes.Shape3D getVolume
INFO: Calculated volume for 'Green Pipe': 197.92033717615698
Feb 27, 2026 8:13:17 PM com.csc205.project2.shapes.Shape3D getSurfaceArea
INFO: Calculated surface area for 'Green Pipe': 188.49555921538757
Feb 27, 2026 8:13:17 PM com.csc205.project2.ShapeDriver displayShapesAndAnalysis
INFO: Displayed shape #3: Green Pipe
Feb 27, 2026 8:13:17 PM com.csc205.project2.shapes.Shape3D getVolume
INFO: Calculated volume for 'Yellow Brick': 36.0
Feb 27, 2026 8:13:17 PM com.csc205.project2.shapes.Shape3D getSurfaceArea
INFO: Calculated surface area for 'Yellow Brick': 72.0
Feb 27, 2026 8:13:17 PM com.csc205.project2.ShapeDriver displayShapesAndAnalysis
INFO: Displayed shape #4: Yellow Brick
Feb 27, 2026 8:13:17 PM com.csc205.project2.shapes.Shape3D getVolume
INFO: Calculated volume for 'Purple Party Hat': 150.79644737231007
Feb 27, 2026 8:13:17 PM com.csc205.project2.shapes.Shape3D getSurfaceArea
INFO: Calculated surface area for 'Purple Party Hat': 174.02987972292934
Feb 27, 2026 8:13:17 PM com.csc205.project2.ShapeDriver displayShapesAndAnalysis
INFO: Displayed shape #5: Purple Party Hat
Feb 27, 2026 8:13:17 PM com.csc205.project2.ShapeDriver displayShapesAndAnalysis
INFO: Analysis complete. Most efficient shape: Red Ball
Feb 27, 2026 8:13:17 PM com.csc205.project2.shapes.Shape3D getVolume
INFO: Calculated volume for 'Red Ball': 523.5987755982989
Feb 27, 2026 8:13:17 PM com.csc205.project2.shapes.Shape3D getSurfaceArea
INFO: Calculated surface area for 'Red Ball': 314.1592653589793
Feb 27, 2026 8:13:17 PM com.csc205.project2.ShapeDriver displayShapesAndAnalysis
INFO: Displayed shape #1: Red Ball
Feb 27, 2026 8:13:17 PM com.csc205.project2.shapes.Shape3D getVolume
INFO: Calculated volume for 'Blue Box': 64.0
Feb 27, 2026 8:13:17 PM com.csc205.project2.shapes.Shape3D getSurfaceArea
INFO: Calculated surface area for 'Blue Box': 96.0
Feb 27, 2026 8:13:17 PM com.csc205.project2.ShapeDriver displayShapesAndAnalysis
INFO: Displayed shape #2: Blue Box
Feb 27, 2026 8:13:17 PM com.csc205.project2.shapes.Shape3D getVolume
INFO: Calculated volume for 'Green Pipe': 197.92033717615698
Feb 27, 2026 8:13:17 PM com.csc205.project2.shapes.Shape3D getSurfaceArea
INFO: Calculated surface area for 'Green Pipe': 188.49555921538757
Feb 27, 2026 8:13:17 PM com.csc205.project2.ShapeDriver displayShapesAndAnalysis
INFO: Displayed shape #3: Green Pipe
Feb 27, 2026 8:13:17 PM com.csc205.project2.shapes.Shape3D getVolume
INFO: Calculated volume for 'Yellow Brick': 36.0
Feb 27, 2026 8:13:17 PM com.csc205.project2.shapes.Shape3D getSurfaceArea
INFO: Calculated surface area for 'Yellow Brick': 72.0
Feb 27, 2026 8:13:17 PM com.csc205.project2.ShapeDriver displayShapesAndAnalysis
INFO: Displayed shape #4: Yellow Brick
Feb 27, 2026 8:13:17 PM com.csc205.project2.shapes.Shape3D getVolume
INFO: Calculated volume for 'Purple Party Hat': 150.79644737231007
Feb 27, 2026 8:13:17 PM com.csc205.project2.shapes.Shape3D getSurfaceArea
INFO: Calculated surface area for 'Purple Party Hat': 174.02987972292934
Feb 27, 2026 8:13:17 PM com.csc205.project2.ShapeDriver displayShapesAndAnalysis
INFO: Displayed shape #5: Purple Party Hat
Feb 27, 2026 8:13:17 PM com.csc205.project2.ShapeDriver displayShapesAndAnalysis
INFO: Analysis complete. Most efficient shape: Red Ball
Feb 27, 2026 8:13:17 PM com.csc205.project2.ShapeDriver runInteractiveMenu
INFO: User exited interactive menu.
Feb 27, 2026 8:13:17 PM com.csc205.project2.ShapeDriver runInteractiveMenu
INFO: 3D Shape Analysis System finished.
]]></system-err>
  </testcase>
</testsuite>